  main.cpp
c:\sdl\sgd\main.cpp(138): warning C4305: "-=": obcięcie z "double" do "float"
c:\sdl\sgd\main.cpp(153): warning C4244: "=": konwersja z "double" do "int", możliwa utrata danych
c:\sdl\sgd\main.cpp(154): warning C4244: "=": konwersja z "double" do "int", możliwa utrata danych
c:\sdl\sgd\main.cpp(174): warning C4305: "-=": obcięcie z "double" do "float"
c:\sdl\sgd\main.cpp(192): warning C4244: "=": konwersja z "double" do "int", możliwa utrata danych
c:\sdl\sgd\main.cpp(193): warning C4244: "=": konwersja z "double" do "int", możliwa utrata danych
c:\sdl\sgd\main.cpp(226): warning C4244: "=": konwersja z "double" do "int", możliwa utrata danych
c:\sdl\sgd\main.cpp(227): warning C4244: "=": konwersja z "double" do "int", możliwa utrata danych
c:\sdl\sgd\main.cpp(277): warning C4244: "argument": konwersja z "time_t" do "unsigned int", możliwa utrata danych
c:\sdl\sgd\main.cpp(322): warning C4244: "=": konwersja z "double" do "int", możliwa utrata danych
c:\sdl\sgd\main.cpp(323): warning C4244: "=": konwersja z "double" do "int", możliwa utrata danych
c:\sdl\sgd\main.cpp(337): warning C4244: "+=": konwersja z "double" do "float", możliwa utrata danych
c:\sdl\sgd\main.cpp(343): warning C4244: "=": konwersja z "int" do "float", możliwa utrata danych
c:\sdl\sgd\main.cpp(347): warning C4244: "=": konwersja z "double" do "int", możliwa utrata danych
c:\sdl\sgd\main.cpp(348): warning C4244: "=": konwersja z "double" do "int", możliwa utrata danych
c:\sdl\sgd\main.cpp(380): warning C4244: "=": konwersja z "double" do "int", możliwa utrata danych
c:\sdl\sgd\main.cpp(381): warning C4244: "=": konwersja z "double" do "int", możliwa utrata danych
c:\sdl\sgd\main.cpp(431): warning C4244: "=": konwersja z "int" do "float", możliwa utrata danych
c:\sdl\sgd\main.cpp(436): warning C4244: "=": konwersja z "double" do "int", możliwa utrata danych
c:\sdl\sgd\main.cpp(437): warning C4244: "=": konwersja z "double" do "int", możliwa utrata danych
c:\sdl\sgd\main.cpp(441): warning C4244: "=": konwersja z "int" do "float", możliwa utrata danych
c:\sdl\sgd\main.cpp(446): warning C4244: "=": konwersja z "double" do "int", możliwa utrata danych
c:\sdl\sgd\main.cpp(447): warning C4244: "=": konwersja z "double" do "int", możliwa utrata danych
  Trwa generowanie kodu
  All 525 functions were compiled because no usable IPDB/IOBJ from previous compilation was found.
  Zakończono generowanie kodu
  SGD.vcxproj -> C:\SDL\SGD\Release\SGD.exe
